<?xml version="1.0" encoding="UTF-8"?>
<!-- Generated by org.testng.reporters.JUnitReportReporter -->
<testsuite hostname="sys" name="com.orangehrm.testsuite.Login" tests="2" failures="0" timestamp="1 Sep 2015 13:21:40 GMT" time="57.989" errors="0">
  <testcase name="loginTest" time="39.352" classname="com.orangehrm.testsuite.Login"/>
  <testcase name="loginTest" time="18.637" classname="com.orangehrm.testsuite.Login"/>
</testsuite> <!-- com.orangehrm.testsuite.Login -->
