<?xml version="1.0" encoding="UTF-8"?>
<!-- Generated by org.testng.reporters.JUnitReportReporter -->
<testsuite hostname="sys" name="com.orangehrm.testsuite.AddEmployee" tests="2" failures="0" timestamp="1 Sep 2015 13:21:40 GMT" time="121.708" errors="0">
  <testcase name="addEmployeeTest" time="59.091" classname="com.orangehrm.testsuite.AddEmployee"/>
  <testcase name="addEmployeeTest" time="62.617" classname="com.orangehrm.testsuite.AddEmployee"/>
</testsuite> <!-- com.orangehrm.testsuite.AddEmployee -->
